#
# There is insufficient memory for the Java Runtime Environment to continue.
# Native memory allocation (malloc) failed to allocate 6701760 bytes for Chunk::new
# Possible reasons:
#   The system is out of physical RAM or swap space
#   In 32 bit mode, the process size limit was hit
# Possible solutions:
#   Reduce memory load on the system
#   Increase physical memory or swap space
#   Check if swap backing store is full
#   Use 64 bit Java on a 64 bit OS
#   Decrease Java heap size (-Xmx/-Xms)
#   Decrease number of Java threads
#   Decrease Java thread stack sizes (-Xss)
#   Set larger code cache with -XX:ReservedCodeCacheSize=
# This output file may be truncated or incomplete.
#
#  Out of Memory Error (allocation.cpp:390), pid=243948, tid=236024
#
# JRE version: Java(TM) SE Runtime Environment (8.0_65-b17) (build 1.8.0_65-b17)
# Java VM: Java HotSpot(TM) 64-Bit Server VM (25.65-b01 mixed mode windows-amd64 compressed oops)
# Failed to write core dump. Minidumps are not enabled by default on client versions of Windows
#

---------------  T H R E A D  ---------------

Current thread (0x0000000016d6e000):  JavaThread "C2 CompilerThread1" daemon [_thread_in_native, id=236024, stack(0x0000000018ad0000,0x0000000018bd0000)]

Stack: [0x0000000018ad0000,0x0000000018bd0000]
[error occurred during error reporting (printing stack bounds), id 0xc0000005]

Native frames: (J=compiled Java code, j=interpreted, Vv=VM code, C=native code)


Current CompileTask:
C2:  16126 4550       4       org.hibernate.loader.JoinWalker::walkEntityAssociationTree (97 bytes)


---------------  P R O C E S S  ---------------

Java Threads: ( => current thread )
  0x0000000018cfb800 JavaThread "Service Thread" daemon [_thread_blocked, id=242516, stack(0x00000000190d0000,0x00000000191d0000)]
  0x0000000016d6e800 JavaThread "C1 CompilerThread2" daemon [_thread_blocked, id=265016, stack(0x0000000018bd0000,0x0000000018cd0000)]
=>0x0000000016d6e000 JavaThread "C2 CompilerThread1" daemon [_thread_in_native, id=236024, stack(0x0000000018ad0000,0x0000000018bd0000)]
  0x0000000016d69800 JavaThread "C2 CompilerThread0" daemon [_thread_blocked, id=234488, stack(0x00000000189d0000,0x0000000018ad0000)]
  0x0000000016d5c800 JavaThread "JDWP Command Reader" daemon [_thread_in_native, id=232536, stack(0x00000000188d0000,0x00000000189d0000)]
  0x0000000016d55800 JavaThread "JDWP Event Helper Thread" daemon [_thread_blocked, id=238044, stack(0x00000000187d0000,0x00000000188d0000)]
  0x0000000016d47800 JavaThread "JDWP Transport Listener: dt_socket" daemon [_thread_blocked, id=241584, stack(0x00000000186d0000,0x00000000187d0000)]
  0x0000000016d3f800 JavaThread "Attach Listener" daemon [_thread_blocked, id=234684, stack(0x0000000018290000,0x0000000018390000)]
  0x0000000016d3e000 JavaThread "Signal Dispatcher" daemon [_thread_blocked, id=234660, stack(0x0000000018190000,0x0000000018290000)]
  0x00000000007a9000 JavaThread "Finalizer" daemon [_thread_blocked, id=232276, stack(0x0000000017fb0000,0x00000000180b0000)]
  0x0000000016d09000 JavaThread "Reference Handler" daemon [_thread_blocked, id=240608, stack(0x0000000017eb0000,0x0000000017fb0000)]
  0x00000000006b3800 JavaThread "main" [_thread_blocked, id=238140, stack(0x00000000020d0000,0x00000000021d0000)]

Other Threads:
  0x0000000016d07800 VMThread [stack: 0x0000000017db0000,0x0000000017eb0000] [id=239164]
  0x0000000018d4f800 WatcherThread [stack: 0x00000000191d0000,0x00000000192d0000] [id=235952]

VM state:not at safepoint (normal execution)

VM Mutex/Monitor currently owned by a thread: None

Heap:
 PSYoungGen      total 561664K, used 130718K [0x00000000d5c00000, 0x00000000fc580000, 0x0000000100000000)
  eden space 521728K, 19% used [0x00000000d5c00000,0x00000000dc1d2118,0x00000000f5980000)
  from space 39936K, 66% used [0x00000000f8200000,0x00000000f9bd5a70,0x00000000fa900000)
  to   space 41472K, 0% used [0x00000000f5980000,0x00000000f5980000,0x00000000f8200000)
 ParOldGen       total 159744K, used 122909K [0x0000000081400000, 0x000000008b000000, 0x00000000d5c00000)
  object space 159744K, 76% used [0x0000000081400000,0x0000000088c077b8,0x000000008b000000)
 Metaspace       used 65720K, capacity 65934K, committed 66304K, reserved 1110016K
  class space    used 4769K, capacity 4799K, committed 4864K, reserved 1048576K

Card table byte_map: [0x0000000011590000,0x0000000011990000] byte_map_base: 0x0000000011186000

Marking Bits: (ParMarkBitMap*) 0x00000000702ca5b0
 Begin Bits: [0x0000000012040000, 0x0000000013ff0000)
 End Bits:   [0x0000000013ff0000, 0x0000000015fa0000)

Polling page: 0x0000000000530000

CodeCache: size=245760Kb used=20671Kb max_used=20682Kb free=225088Kb
 bounds [0x00000000021d0000, 0x0000000003620000, 0x00000000111d0000]
 total_blobs=4687 nmethods=4155 adapters=451
 compilation: enabled

Compilation events (10 events):
Event: 15.953 Thread 0x0000000016d69800 4726   !   4       java.io.BufferedWriter::write (117 bytes)
Event: 15.958 Thread 0x0000000016d69800 nmethod 4726 0x0000000003614790 code [0x0000000003614900, 0x00000000036152a8]
Event: 15.958 Thread 0x0000000016d69800 4844       4       java.nio.ByteBuffer::arrayOffset (35 bytes)
Event: 15.959 Thread 0x0000000016d69800 nmethod 4844 0x0000000003605610 code [0x0000000003605740, 0x00000000036057d8]
Event: 15.959 Thread 0x0000000016d69800 4845       4       java.nio.CharBuffer::arrayOffset (35 bytes)
Event: 15.959 Thread 0x0000000016d69800 nmethod 4845 0x0000000003605390 code [0x00000000036054c0, 0x0000000003605558]
Event: 15.959 Thread 0x0000000016d69800 4836       4       com.ibm.db2.jcc.a.f::d (51 bytes)
Event: 15.960 Thread 0x0000000016d69800 nmethod 4836 0x0000000003605090 code [0x00000000036051c0, 0x00000000036052b8]
Event: 15.960 Thread 0x0000000016d69800 4871       4       com.ibm.db2.jcc.t4.c::Jb (32 bytes)
Event: 15.961 Thread 0x0000000016d69800 nmethod 4871 0x0000000003604bd0 code [0x0000000003604d40, 0x0000000003604e88]

GC Heap History (10 events):
Event: 12.442 GC heap before
{Heap before GC invocations=13 (full 2):
 PSYoungGen      total 319488K, used 57836K [0x00000000d5c00000, 0x00000000ebc80000, 0x0000000100000000)
  eden space 287232K, 9% used [0x00000000d5c00000,0x00000000d77cb030,0x00000000e7480000)
  from space 32256K, 91% used [0x00000000e9d00000,0x00000000eb9b0010,0x00000000ebc80000)
  to   space 36864K, 0% used [0x00000000e7480000,0x00000000e7480000,0x00000000e9880000)
 ParOldGen       total 115200K, used 49334K [0x0000000081400000, 0x0000000088480000, 0x00000000d5c00000)
  object space 115200K, 42% used [0x0000000081400000,0x000000008442d838,0x0000000088480000)
 Metaspace       used 53348K, capacity 53506K, committed 53760K, reserved 1099776K
  class space    used 4120K, capacity 4157K, committed 4224K, reserved 1048576K
Event: 12.465 GC heap after
Heap after GC invocations=13 (full 2):
 PSYoungGen      total 324096K, used 4007K [0x00000000d5c00000, 0x00000000f3580000, 0x0000000100000000)
  eden space 287232K, 0% used [0x00000000d5c00000,0x00000000d5c00000,0x00000000e7480000)
  from space 36864K, 10% used [0x00000000e7480000,0x00000000e7869cf0,0x00000000e9880000)
  to   space 36864K, 0% used [0x00000000f1180000,0x00000000f1180000,0x00000000f3580000)
 ParOldGen       total 115200K, used 78700K [0x0000000081400000, 0x0000000088480000, 0x00000000d5c00000)
  object space 115200K, 68% used [0x0000000081400000,0x00000000860db100,0x0000000088480000)
 Metaspace       used 53348K, capacity 53506K, committed 53760K, reserved 1099776K
  class space    used 4120K, capacity 4157K, committed 4224K, reserved 1048576K
}
Event: 12.465 GC heap before
{Heap before GC invocations=14 (full 3):
 PSYoungGen      total 324096K, used 4007K [0x00000000d5c00000, 0x00000000f3580000, 0x0000000100000000)
  eden space 287232K, 0% used [0x00000000d5c00000,0x00000000d5c00000,0x00000000e7480000)
  from space 36864K, 10% used [0x00000000e7480000,0x00000000e7869cf0,0x00000000e9880000)
  to   space 36864K, 0% used [0x00000000f1180000,0x00000000f1180000,0x00000000f3580000)
 ParOldGen       total 115200K, used 78700K [0x0000000081400000, 0x0000000088480000, 0x00000000d5c00000)
  object space 115200K, 68% used [0x0000000081400000,0x00000000860db100,0x0000000088480000)
 Metaspace       used 53348K, capacity 53506K, committed 53760K, reserved 1099776K
  class space    used 4120K, capacity 4157K, committed 4224K, reserved 1048576K
Event: 12.640 GC heap after
Heap after GC invocations=14 (full 3):
 PSYoungGen      total 324096K, used 0K [0x00000000d5c00000, 0x00000000f3580000, 0x0000000100000000)
  eden space 287232K, 0% used [0x00000000d5c00000,0x00000000d5c00000,0x00000000e7480000)
  from space 36864K, 0% used [0x00000000e7480000,0x00000000e7480000,0x00000000e9880000)
  to   space 36864K, 0% used [0x00000000f1180000,0x00000000f1180000,0x00000000f3580000)
 ParOldGen       total 159744K, used 72104K [0x0000000081400000, 0x000000008b000000, 0x00000000d5c00000)
  object space 159744K, 45% used [0x0000000081400000,0x0000000085a6a0b0,0x000000008b000000)
 Metaspace       used 53348K, capacity 53506K, committed 53760K, reserved 1099776K
  class space    used 4120K, capacity 4157K, committed 4224K, reserved 1048576K
}
Event: 13.558 GC heap before
{Heap before GC invocations=15 (full 3):
 PSYoungGen      total 324096K, used 287232K [0x00000000d5c00000, 0x00000000f3580000, 0x0000000100000000)
  eden space 287232K, 100% used [0x00000000d5c00000,0x00000000e7480000,0x00000000e7480000)
  from space 36864K, 0% used [0x00000000e7480000,0x00000000e7480000,0x00000000e9880000)
  to   space 36864K, 0% used [0x00000000f1180000,0x00000000f1180000,0x00000000f3580000)
 ParOldGen       total 159744K, used 72104K [0x0000000081400000, 0x000000008b000000, 0x00000000d5c00000)
  object space 159744K, 45% used [0x0000000081400000,0x0000000085a6a0b0,0x000000008b000000)
 Metaspace       used 62869K, capacity 63074K, committed 63488K, reserved 1107968K
  class space    used 4467K, capacity 4509K, committed 4608K, reserved 1048576K
Event: 13.579 GC heap after
Heap after GC invocations=15 (full 3):
 PSYoungGen      total 406016K, used 26294K [0x00000000d5c00000, 0x00000000f2b80000, 0x0000000100000000)
  eden space 379392K, 0% used [0x00000000d5c00000,0x00000000d5c00000,0x00000000ece80000)
  from space 26624K, 98% used [0x00000000f1180000,0x00000000f2b2daa0,0x00000000f2b80000)
  to   space 38912K, 0% used [0x00000000edf80000,0x00000000edf80000,0x00000000f0580000)
 ParOldGen       total 159744K, used 72104K [0x0000000081400000, 0x000000008b000000, 0x00000000d5c00000)
  object space 159744K, 45% used [0x0000000081400000,0x0000000085a6a0b0,0x000000008b000000)
 Metaspace       used 62869K, capacity 63074K, committed 63488K, reserved 1107968K
  class space    used 4467K, capacity 4509K, committed 4608K, reserved 1048576K
}
Event: 13.903 GC heap before
{Heap before GC invocations=16 (full 3):
 PSYoungGen      total 406016K, used 405686K [0x00000000d5c00000, 0x00000000f2b80000, 0x0000000100000000)
  eden space 379392K, 100% used [0x00000000d5c00000,0x00000000ece80000,0x00000000ece80000)
  from space 26624K, 98% used [0x00000000f1180000,0x00000000f2b2daa0,0x00000000f2b80000)
  to   space 38912K, 0% used [0x00000000edf80000,0x00000000edf80000,0x00000000f0580000)
 ParOldGen       total 159744K, used 72104K [0x0000000081400000, 0x000000008b000000, 0x00000000d5c00000)
  object space 159744K, 45% used [0x0000000081400000,0x0000000085a6a0b0,0x000000008b000000)
 Metaspace       used 62891K, capacity 63138K, committed 63488K, reserved 1107968K
  class space    used 4467K, capacity 4509K, committed 4608K, reserved 1048576K
Event: 13.954 GC heap after
Heap after GC invocations=16 (full 3):
 PSYoungGen      total 435712K, used 24754K [0x00000000d5c00000, 0x00000000fa900000, 0x0000000100000000)
  eden space 396800K, 0% used [0x00000000d5c00000,0x00000000d5c00000,0x00000000edf80000)
  from space 38912K, 63% used [0x00000000edf80000,0x00000000ef7acaa8,0x00000000f0580000)
  to   space 39936K, 0% used [0x00000000f8200000,0x00000000f8200000,0x00000000fa900000)
 ParOldGen       total 159744K, used 98156K [0x0000000081400000, 0x000000008b000000, 0x00000000d5c00000)
  object space 159744K, 61% used [0x0000000081400000,0x00000000873db038,0x000000008b000000)
 Metaspace       used 62891K, capacity 63138K, committed 63488K, reserved 1107968K
  class space    used 4467K, capacity 4509K, committed 4608K, reserved 1048576K
}
Event: 14.267 GC heap before
{Heap before GC invocations=17 (full 3):
 PSYoungGen      total 435712K, used 421554K [0x00000000d5c00000, 0x00000000fa900000, 0x0000000100000000)
  eden space 396800K, 100% used [0x00000000d5c00000,0x00000000edf80000,0x00000000edf80000)
  from space 38912K, 63% used [0x00000000edf80000,0x00000000ef7acaa8,0x00000000f0580000)
  to   space 39936K, 0% used [0x00000000f8200000,0x00000000f8200000,0x00000000fa900000)
 ParOldGen       total 159744K, used 98156K [0x0000000081400000, 0x000000008b000000, 0x00000000d5c00000)
  object space 159744K, 61% used [0x0000000081400000,0x00000000873db038,0x000000008b000000)
 Metaspace       used 62894K, capacity 63138K, committed 63488K, reserved 1107968K
  class space    used 4467K, capacity 4509K, committed 4608K, reserved 1048576K
Event: 14.294 GC heap after
Heap after GC invocations=17 (full 3):
 PSYoungGen      total 561664K, used 26454K [0x00000000d5c00000, 0x00000000fc580000, 0x0000000100000000)
  eden space 521728K, 0% used [0x00000000d5c00000,0x00000000d5c00000,0x00000000f5980000)
  from space 39936K, 66% used [0x00000000f8200000,0x00000000f9bd5a70,0x00000000fa900000)
  to   space 41472K, 0% used [0x00000000f5980000,0x00000000f5980000,0x00000000f8200000)
 ParOldGen       total 159744K, used 122909K [0x0000000081400000, 0x000000008b000000, 0x00000000d5c00000)
  object space 159744K, 76% used [0x0000000081400000,0x0000000088c077b8,0x000000008b000000)
 Metaspace       used 62894K, capacity 63138K, committed 63488K, reserved 1107968K
  class space    used 4467K, capacity 4509K, committed 4608K, reserved 1048576K
}

Deoptimization events (10 events):
Event: 15.664 Thread 0x00000000006b3800 Uncommon trap: reason=unhandled action=none pc=0x00000000027a2998 method=java.net.URLClassLoader.findClass(Ljava/lang/String;)Ljava/lang/Class; @ 44
Event: 15.665 Thread 0x00000000006b3800 Uncommon trap: reason=unhandled action=none pc=0x00000000027a2998 method=java.net.URLClassLoader.findClass(Ljava/lang/String;)Ljava/lang/Class; @ 44
Event: 15.668 Thread 0x00000000006b3800 Uncommon trap: reason=unhandled action=none pc=0x00000000027a2998 method=java.net.URLClassLoader.findClass(Ljava/lang/String;)Ljava/lang/Class; @ 44
Event: 15.668 Thread 0x00000000006b3800 Uncommon trap: reason=unhandled action=none pc=0x00000000027a2998 method=java.net.URLClassLoader.findClass(Ljava/lang/String;)Ljava/lang/Class; @ 44
Event: 15.669 Thread 0x00000000006b3800 Uncommon trap: reason=unhandled action=none pc=0x00000000027a2998 method=java.net.URLClassLoader.findClass(Ljava/lang/String;)Ljava/lang/Class; @ 44
Event: 15.669 Thread 0x00000000006b3800 Uncommon trap: reason=unhandled action=none pc=0x00000000027a2998 method=java.net.URLClassLoader.findClass(Ljava/lang/String;)Ljava/lang/Class; @ 44
Event: 15.670 Thread 0x00000000006b3800 Uncommon trap: reason=unhandled action=none pc=0x00000000027a2998 method=java.net.URLClassLoader.findClass(Ljava/lang/String;)Ljava/lang/Class; @ 44
Event: 15.670 Thread 0x00000000006b3800 Uncommon trap: reason=unstable_if action=reinterpret pc=0x0000000002876ca4 method=java.util.LinkedHashMap.get(Ljava/lang/Object;)Ljava/lang/Object; @ 20
Event: 15.670 Thread 0x00000000006b3800 Uncommon trap: reason=unstable_if action=reinterpret pc=0x0000000002746e18 method=java.util.LinkedHashMap.afterNodeAccess(Ljava/util/HashMap$Node;)V @ 4
Event: 15.670 Thread 0x00000000006b3800 Uncommon trap: reason=unhandled action=none pc=0x00000000027a2998 method=java.net.URLClassLoader.findClass(Ljava/lang/String;)Ljava/lang/Class; @ 44

Internal exceptions (10 events):
Event: 14.548 Thread 0x00000000006b3800 Exception <a 'java/lang/ClassNotFoundException': com/wmsl/core/inter/NonBayDebMasterCoreBeanInfo> (0x00000000d74a45b8) thrown at [C:\workspace\8-2-build-windows-amd64-cygwin\jdk8u65\4987\hotspot\src\share\vm\classfile\systemDictionary.cpp, line 210]
Event: 14.548 Thread 0x00000000006b3800 Exception <a 'java/lang/ClassNotFoundException': com/wmsl/core/CoreBeanInfo> (0x00000000d74ad2d0) thrown at [C:\workspace\8-2-build-windows-amd64-cygwin\jdk8u65\4987\hotspot\src\share\vm\classfile\systemDictionary.cpp, line 210]
Event: 14.549 Thread 0x00000000006b3800 Exception <a 'java/lang/ClassNotFoundException': com/wmsl/core/CoreCustomizer> (0x00000000d74b69c0) thrown at [C:\workspace\8-2-build-windows-amd64-cygwin\jdk8u65\4987\hotspot\src\share\vm\classfile\systemDictionary.cpp, line 210]
Event: 14.550 Thread 0x00000000006b3800 Exception <a 'java/lang/ClassNotFoundException': com/wmsl/core/inter/NonBayDebMasterCoreCustomizer> (0x00000000d74c70b0) thrown at [C:\workspace\8-2-build-windows-amd64-cygwin\jdk8u65\4987\hotspot\src\share\vm\classfile\systemDictionary.cpp, line 210]
Event: 14.594 Thread 0x00000000006b3800 Exception <a 'java/lang/ClassNotFoundException': com/wmsl/core/inter/NonBayDebTxCoreBeanInfo> (0x00000000d7c03160) thrown at [C:\workspace\8-2-build-windows-amd64-cygwin\jdk8u65\4987\hotspot\src\share\vm\classfile\systemDictionary.cpp, line 210]
Event: 14.595 Thread 0x00000000006b3800 Exception <a 'java/lang/ClassNotFoundException': com/wmsl/core/CoreBeanInfo> (0x00000000d7c0bde0) thrown at [C:\workspace\8-2-build-windows-amd64-cygwin\jdk8u65\4987\hotspot\src\share\vm\classfile\systemDictionary.cpp, line 210]
Event: 14.595 Thread 0x00000000006b3800 Exception <a 'java/lang/ClassNotFoundException': com/wmsl/core/CoreCustomizer> (0x00000000d7c15490) thrown at [C:\workspace\8-2-build-windows-amd64-cygwin\jdk8u65\4987\hotspot\src\share\vm\classfile\systemDictionary.cpp, line 210]
Event: 14.596 Thread 0x00000000006b3800 Exception <a 'java/lang/ClassNotFoundException': com/wmsl/core/inter/NonBayDebTxCoreCustomizer> (0x00000000d7c25308) thrown at [C:\workspace\8-2-build-windows-amd64-cygwin\jdk8u65\4987\hotspot\src\share\vm\classfile\systemDictionary.cpp, line 210]
Event: 14.596 Thread 0x00000000006b3800 Exception <a 'java/lang/ArrayIndexOutOfBoundsException': 77> (0x00000000d7c29298) thrown at [C:\workspace\8-2-build-windows-amd64-cygwin\jdk8u65\4987\hotspot\src\share\vm\interpreter\interpreterRuntime.cpp, line 366]
Event: 14.596 Thread 0x00000000006b3800 Exception <a 'java/lang/ArrayIndexOutOfBoundsException': 52> (0x00000000d7c2aa80) thrown at [C:\workspace\8-2-build-windows-amd64-cygwin\jdk8u65\4987\hotspot\src\share\vm\interpreter\interpreterRuntime.cpp, line 366]

Events (10 events):
Event: 15.670 Thread 0x00000000006b3800 DEOPT PACKING pc=0x0000000002876ca4 sp=0x00000000021cf1a0
Event: 15.670 Thread 0x00000000006b3800 DEOPT UNPACKING pc=0x000000000221582a sp=0x00000000021cf180 mode 2
Event: 15.670 Thread 0x00000000006b3800 Uncommon trap: trap_request=0xffffff65 fr.pc=0x0000000002746e18
Event: 15.670 Thread 0x00000000006b3800 DEOPT PACKING pc=0x0000000002746e18 sp=0x00000000021cf170
Event: 15.670 Thread 0x00000000006b3800 DEOPT UNPACKING pc=0x000000000221582a sp=0x00000000021cf0f8 mode 2
Event: 15.670 loading class org/hibernate/util/IdentitySet
Event: 15.670 loading class org/hibernate/util/IdentitySet done
Event: 15.670 Thread 0x00000000006b3800 Uncommon trap: trap_request=0xffffffa7 fr.pc=0x00000000027a2998
Event: 15.670 Thread 0x00000000006b3800 DEOPT PACKING pc=0x00000000027a2998 sp=0x00000000021ce290
Event: 15.670 Thread 0x00000000006b3800 DEOPT UNPACKING pc=0x000000000221582a sp=0x00000000021ce188 mode 2


Dynamic libraries:
0x00007ff78ac30000 - 0x00007ff78ac67000 	C:\Program Files\Java\jdk1.8.0_65\bin\javaw.exe
0x00007ffde9de0000 - 0x00007ffde9fa1000 	C:\Windows\SYSTEM32\ntdll.dll
0x00007ffde90c0000 - 0x00007ffde916d000 	C:\Windows\system32\KERNEL32.DLL
0x00007ffde6820000 - 0x00007ffde6a08000 	C:\Windows\system32\KERNELBASE.dll
0x0000000071ae0000 - 0x0000000071b69000 	C:\Windows\System32\SYSFER.DLL
0x00007ffde9d30000 - 0x00007ffde9dd7000 	C:\Windows\system32\ADVAPI32.dll
0x00007ffde91e0000 - 0x00007ffde927d000 	C:\Windows\system32\msvcrt.dll
0x00007ffde7720000 - 0x00007ffde777b000 	C:\Windows\system32\sechost.dll
0x00007ffde7200000 - 0x00007ffde731c000 	C:\Windows\system32\RPCRT4.dll
0x00007ffde7320000 - 0x00007ffde7476000 	C:\Windows\system32\USER32.dll
0x00007ffde74c0000 - 0x00007ffde7646000 	C:\Windows\system32\GDI32.dll
0x00007ffdd48e0000 - 0x00007ffdd4b54000 	C:\Windows\WinSxS\amd64_microsoft.windows.common-controls_6595b64144ccf1df_6.0.10586.0_none_8c15ae12515e1c22\COMCTL32.dll
0x00007ffde9420000 - 0x00007ffde969d000 	C:\Windows\system32\combase.dll
0x00007ffde6490000 - 0x00007ffde64fa000 	C:\Windows\system32\bcryptPrimitives.dll
0x00007ffde7480000 - 0x00007ffde74bb000 	C:\Windows\system32\IMM32.DLL
0x0000000070ab0000 - 0x0000000070b82000 	C:\Program Files\Java\jdk1.8.0_65\jre\bin\msvcr100.dll
0x000000006fac0000 - 0x0000000070349000 	C:\Program Files\Java\jdk1.8.0_65\jre\bin\server\jvm.dll
0x00007ffde91d0000 - 0x00007ffde91d8000 	C:\Windows\system32\PSAPI.DLL
0x00007ffde2a40000 - 0x00007ffde2a49000 	C:\Windows\SYSTEM32\WSOCK32.dll
0x00007ffde9350000 - 0x00007ffde93bb000 	C:\Windows\system32\WS2_32.dll
0x00007ffde4b40000 - 0x00007ffde4b63000 	C:\Windows\SYSTEM32\WINMM.dll
0x00007ffdd9e30000 - 0x00007ffdd9e3a000 	C:\Windows\SYSTEM32\VERSION.dll
0x00007ffde46f0000 - 0x00007ffde471c000 	C:\Windows\SYSTEM32\WINMMBASE.dll
0x00007ffde70e0000 - 0x00007ffde7123000 	C:\Windows\system32\cfgmgr32.dll
0x0000000070aa0000 - 0x0000000070aaf000 	C:\Program Files\Java\jdk1.8.0_65\jre\bin\verify.dll
0x0000000070a70000 - 0x0000000070a99000 	C:\Program Files\Java\jdk1.8.0_65\jre\bin\java.dll
0x000000006f900000 - 0x000000006f935000 	C:\Program Files\Java\jdk1.8.0_65\jre\bin\jdwp.dll
0x0000000070a20000 - 0x0000000070a28000 	C:\Program Files\Java\jdk1.8.0_65\jre\bin\npt.dll
0x0000000070a50000 - 0x0000000070a66000 	C:\Program Files\Java\jdk1.8.0_65\jre\bin\zip.dll
0x00007ffde7950000 - 0x00007ffde8eac000 	C:\Windows\system32\SHELL32.dll
0x00007ffde6a10000 - 0x00007ffde7055000 	C:\Windows\system32\windows.storage.dll
0x00007ffde92f0000 - 0x00007ffde9342000 	C:\Windows\system32\shlwapi.dll
0x00007ffde6420000 - 0x00007ffde642f000 	C:\Windows\system32\kernel.appcore.dll
0x00007ffde6500000 - 0x00007ffde65b5000 	C:\Windows\system32\shcore.dll
0x00007ffde6440000 - 0x00007ffde648b000 	C:\Windows\system32\powrprof.dll
0x00007ffde6400000 - 0x00007ffde6414000 	C:\Windows\system32\profapi.dll
0x0000000070a10000 - 0x0000000070a19000 	C:\Program Files\Java\jdk1.8.0_65\jre\bin\dt_socket.dll
0x00007ffdd7b30000 - 0x00007ffdd7b46000 	C:\Windows\system32\napinsp.dll
0x00007ffdd7470000 - 0x00007ffdd748a000 	C:\Windows\system32\pnrpnsp.dll
0x00007ffde4270000 - 0x00007ffde4288000 	C:\Windows\system32\NLAapi.dll
0x00007ffde5cd0000 - 0x00007ffde5d2c000 	C:\Windows\System32\mswsock.dll
0x00007ffde4db0000 - 0x00007ffde4e5a000 	C:\Windows\SYSTEM32\DNSAPI.dll
0x00007ffde71f0000 - 0x00007ffde71f8000 	C:\Windows\system32\NSI.dll
0x00007ffdd7fc0000 - 0x00007ffdd7fcd000 	C:\Windows\System32\winrnr.dll
0x00007ffde2a80000 - 0x00007ffde2ae7000 	C:\Windows\System32\fwpuclnt.dll
0x00007ffde6290000 - 0x00007ffde62b9000 	C:\Windows\SYSTEM32\bcrypt.dll
0x00007ffde1110000 - 0x00007ffde111a000 	C:\Windows\System32\rasadhlp.dll
0x0000000070a30000 - 0x0000000070a4a000 	C:\Program Files\Java\jdk1.8.0_65\jre\bin\net.dll
0x00007ffde2c50000 - 0x00007ffde2c88000 	C:\Windows\SYSTEM32\IPHLPAPI.DLL
0x000000006f8e0000 - 0x000000006f8f1000 	C:\Program Files\Java\jdk1.8.0_65\jre\bin\nio.dll
0x00007ffde5d80000 - 0x00007ffde5d97000 	C:\Windows\SYSTEM32\CRYPTSP.dll
0x00007ffde5a10000 - 0x00007ffde5a44000 	C:\Windows\system32\rsaenh.dll
0x00007ffde5b60000 - 0x00007ffde5b7f000 	C:\Windows\SYSTEM32\USERENV.dll
0x00007ffde5ea0000 - 0x00007ffde5eab000 	C:\Windows\SYSTEM32\CRYPTBASE.dll
0x00007ffde2c30000 - 0x00007ffde2c46000 	C:\Windows\SYSTEM32\dhcpcsvc6.DLL
0x00007ffde2c10000 - 0x00007ffde2c2a000 	C:\Windows\SYSTEM32\dhcpcsvc.DLL

VM Arguments:
jvm_args: -agentlib:jdwp=transport=dt_socket,suspend=y,address=localhost:16541 -Dfile.encoding=UTF-8 
java_command: com.wmsl.App
java_class_path (initial): D:\project\GenDatas\GenDataDB\target\classes;C:\Users\admin\.m2\repository\net\kemitix\sqlite-dialect\0.1.0\sqlite-dialect-0.1.0.jar;C:\Users\admin\.m2\repository\org\hibernate\hibernate-core\3.6.8.Final\hibernate-core-3.6.8.Final.jar;C:\Users\admin\.m2\repository\org\hibernate\javax\persistence\hibernate-jpa-2.0-api\1.0.1.Final\hibernate-jpa-2.0-api-1.0.1.Final.jar;C:\Users\admin\.m2\repository\org\hibernate\hibernate-commons-annotations\3.2.0.Final\hibernate-commons-annotations-3.2.0.Final.jar;C:\Users\admin\.m2\repository\com\wealth\bwm\bwm-persistence\0.0.1-SNAPSHOT\bwm-persistence-0.0.1-SNAPSHOT.jar;C:\Users\admin\.m2\repository\com\wealth\bwm\bwm-providedservices-api\0.0.1-SNAPSHOT\bwm-providedservices-api-0.0.1-SNAPSHOT.jar;C:\Users\admin\.m2\repository\com\wealth\wmsl-dao-lib\1.0.2\wmsl-dao-lib-1.0.2.jar;C:\Users\admin\.m2\repository\commons-lang\commons-lang\2.4\commons-lang-2.4.jar;C:\Users\admin\.m2\repository\com\wealth\wmsl-common-lib\1.0.2\wmsl-common-lib-1.0.2.jar;C:\Users\admin\.m2\repository\javax\servlet\servlet-api\2.5\servlet-api-2.5.jar;C:\Users\admin\.m2\repository\org\springframework\spring-web\3.2.12.RELEASE\spring-web-3.2.12.RELEASE.jar;C:\Users\admin\.m2\repository\org\springframework\spring-test\3.2.12.RELEASE\spring-test-3.2.12.RELEASE.jar;C:\Users\admin\.m2\repository\org\apache\httpcomponents\httpclient\4.3.1\httpclient-4.3.1.jar;C:\Users\admin\.m2\repository\org\apache\httpcomponents\httpcore\4.3\httpcore-4.3.jar;C:\Users\admin\.m2\repository\commons-codec\commons-codec\1.6\commons-codec-1.6.jar;C:\Users\admin\.m2\repository\org\apache\httpcomponents\httpmime\4.3.1\httpmime-4.3.1.jar;C:\Users\admin\.m2\repository\org\easymock\easymock\3.0\easymock-3.0.jar;C:\Users\admin\.m2\repository\org\objenesis\objenesis\1.2\objenesis-1.2.jar;C:\Users\admin\.m2\repository\org\bouncycastle\bcprov-jdk16\1.46\bcprov-jdk16-1.46.jar;C:\Users\admin\.m2\repository\javax\mail\javax.mail-api\1.5.2\javax.mail-api-1.5.2.jar;C:\Use
Launcher Type: SUN_STANDARD

Environment Variables:
JAVA_HOME=C:\Program Files\Java\jdk1.8.0_65
CLASSPATH=.;D:\project\GenDatas\GenDataDB\target\GenDataDB-jar-with-dependencies.jar
PATH=C:\Program Files\Java\jdk1.8.0_65\jre\bin;C:/Program Files/Java/jre1.8.0_71/bin/server;C:/Program Files/Java/jre1.8.0_71/bin;C:/Program Files/Java/jre1.8.0_71/lib/amd64;C:\Program Files (x86)\HP\NV\lib\shunra\vcat;C:\ProgramData\Oracle\Java\javapath;C:\Windows\system32;C:\Windows;C:\Windows\System32\Wbem;C:\Windows\System32\WindowsPowerShell\v1.0\;C:\PROGRA~2\BONANZ~1;C:\Program Files (x86)\HP\LoadRunner\strawberry-perl\perl\bin;C:\Program Files (x86)\HP\NV\lib\thirdparty\safenet\LDK\7.0;C:\Program Files (x86)\HP\NV\lib\shunra\snv;"C:\Program Files\Java\jdk1.8.0_65\bin";C:\Users\admin\AppData\Local\Programs\EmEditor;C:\Windows\System32;
USERNAME=admin
OS=Windows_NT
PROCESSOR_IDENTIFIER=Intel64 Family 6 Model 60 Stepping 3, GenuineIntel



---------------  S Y S T E M  ---------------

OS: Windows 10.0 , 64 bit Build 10586 (10.0.10586.0)

CPU:total 4 (4 cores per cpu, 1 threads per core) family 6 model 60 stepping 3, cmov, cx8, fxsr, mmx, sse, sse2, sse3, ssse3, sse4.1, sse4.2, popcnt, avx, avx2, aes, clmul, erms, lzcnt, tsc, tscinvbit, bmi1, bmi2

Memory: 4k page, physical 8303556k(1064504k free), swap 11447224k(11328k free)

vm_info: Java HotSpot(TM) 64-Bit Server VM (25.65-b01) for windows-amd64 JRE (1.8.0_65-b17), built on Oct  6 2015 16:39:20 by "java_re" with MS VC++ 10.0 (VS2010)

time: Thu Mar 17 17:52:27 2016
elapsed time: 16 seconds (0d 0h 0m 16s)

