#
# There is insufficient memory for the Java Runtime Environment to continue.
# Native memory allocation (malloc) failed to allocate 4740976 bytes for Chunk::new
# Possible reasons:
#   The system is out of physical RAM or swap space
#   In 32 bit mode, the process size limit was hit
# Possible solutions:
#   Reduce memory load on the system
#   Increase physical memory or swap space
#   Check if swap backing store is full
#   Use 64 bit Java on a 64 bit OS
#   Decrease Java heap size (-Xmx/-Xms)
#   Decrease number of Java threads
#   Decrease Java thread stack sizes (-Xss)
#   Set larger code cache with -XX:ReservedCodeCacheSize=
# This output file may be truncated or incomplete.
#
#  Out of Memory Error (allocation.cpp:390), pid=279900, tid=275144
#
# JRE version: Java(TM) SE Runtime Environment (8.0_65-b17) (build 1.8.0_65-b17)
# Java VM: Java HotSpot(TM) 64-Bit Server VM (25.65-b01 mixed mode windows-amd64 compressed oops)
# Failed to write core dump. Minidumps are not enabled by default on client versions of Windows
#

---------------  T H R E A D  ---------------

Current thread (0x0000000016db8800):  JavaThread "C2 CompilerThread1" daemon [_thread_in_native, id=275144, stack(0x0000000018e10000,0x0000000018f10000)]

Stack: [0x0000000018e10000,0x0000000018f10000]
[error occurred during error reporting (printing stack bounds), id 0xc0000005]

Native frames: (J=compiled Java code, j=interpreted, Vv=VM code, C=native code)


Current CompileTask:
C2:  17847 4418       4       org.hibernate.loader.JoinWalker::walkEntityTree (110 bytes)


---------------  P R O C E S S  ---------------

Java Threads: ( => current thread )
  0x0000000018a3d800 JavaThread "Service Thread" daemon [_thread_blocked, id=280292, stack(0x0000000019010000,0x0000000019110000)]
  0x0000000016dbd000 JavaThread "C1 CompilerThread2" daemon [_thread_blocked, id=279920, stack(0x0000000018f10000,0x0000000019010000)]
=>0x0000000016db8800 JavaThread "C2 CompilerThread1" daemon [_thread_in_native, id=275144, stack(0x0000000018e10000,0x0000000018f10000)]
  0x0000000016d88800 JavaThread "C2 CompilerThread0" daemon [_thread_in_native, id=279436, stack(0x0000000018910000,0x0000000018a10000)]
  0x0000000016d7b800 JavaThread "JDWP Command Reader" daemon [_thread_in_native, id=281060, stack(0x0000000018810000,0x0000000018910000)]
  0x0000000016d76000 JavaThread "JDWP Event Helper Thread" daemon [_thread_blocked, id=282628, stack(0x0000000018710000,0x0000000018810000)]
  0x0000000016d73800 JavaThread "JDWP Transport Listener: dt_socket" daemon [_thread_blocked, id=280260, stack(0x0000000018610000,0x0000000018710000)]
  0x0000000016d60800 JavaThread "Attach Listener" daemon [_thread_blocked, id=291320, stack(0x00000000181d0000,0x00000000182d0000)]
  0x0000000016d5f800 JavaThread "Signal Dispatcher" daemon [_thread_blocked, id=282636, stack(0x00000000180d0000,0x00000000181d0000)]
  0x00000000021ea800 JavaThread "Finalizer" daemon [_thread_blocked, id=280248, stack(0x0000000017fc0000,0x00000000180c0000)]
  0x0000000016d29000 JavaThread "Reference Handler" daemon [_thread_blocked, id=273220, stack(0x0000000017ec0000,0x0000000017fc0000)]
  0x00000000020f3800 JavaThread "main" [_thread_blocked, id=281788, stack(0x0000000001ff0000,0x00000000020f0000)]

Other Threads:
  0x0000000016d27800 VMThread [stack: 0x0000000017dc0000,0x0000000017ec0000] [id=275496]
  0x0000000018a77000 WatcherThread [stack: 0x0000000019110000,0x0000000019210000] [id=280588]

VM state:not at safepoint (normal execution)

VM Mutex/Monitor currently owned by a thread: None

Heap:
 PSYoungGen      total 458752K, used 402515K [0x00000000d5c00000, 0x00000000fd100000, 0x0000000100000000)
  eden space 418816K, 89% used [0x00000000d5c00000,0x00000000ecba91f8,0x00000000ef500000)
  from space 39936K, 65% used [0x00000000ef500000,0x00000000f0e6bbb8,0x00000000f1c00000)
  to   space 41472K, 0% used [0x00000000fa880000,0x00000000fa880000,0x00000000fd100000)
 ParOldGen       total 165888K, used 101627K [0x0000000081400000, 0x000000008b600000, 0x00000000d5c00000)
  object space 165888K, 61% used [0x0000000081400000,0x000000008773eeb8,0x000000008b600000)
 Metaspace       used 64154K, capacity 64392K, committed 64640K, reserved 1110016K
  class space    used 4614K, capacity 4670K, committed 4736K, reserved 1048576K

Card table byte_map: [0x00000000115b0000,0x00000000119b0000] byte_map_base: 0x00000000111a6000

Marking Bits: (ParMarkBitMap*) 0x00000000701ea5b0
 Begin Bits: [0x0000000012060000, 0x0000000014010000)
 End Bits:   [0x0000000014010000, 0x0000000015fc0000)

Polling page: 0x0000000000540000

CodeCache: size=245760Kb used=18871Kb max_used=18871Kb free=226888Kb
 bounds [0x00000000021f0000, 0x0000000003470000, 0x00000000111f0000]
 total_blobs=4522 nmethods=4012 adapters=427
 compilation: enabled

Compilation events (10 events):
Event: 17.540 Thread 0x0000000016dbd000 4617       1       java.nio.Buffer::limit (5 bytes)
Event: 17.540 Thread 0x0000000016dbd000 nmethod 4617 0x000000000346cc50 code [0x000000000346cda0, 0x000000000346ceb0]
Event: 17.540 Thread 0x0000000016dbd000 4618       1       java.io.OutputStream::flush (1 bytes)
Event: 17.540 Thread 0x0000000016dbd000 nmethod 4618 0x000000000346cf10 code [0x000000000346d060, 0x000000000346d170]
Event: 17.540 Thread 0x0000000016dbd000 4619       2       java.io.PrintStream::ensureOpen (18 bytes)
Event: 17.540 Thread 0x0000000016dbd000 nmethod 4619 0x000000000346d1d0 code [0x000000000346d340, 0x000000000346d548]
Event: 17.540 Thread 0x0000000016dbd000 4620       2       java.nio.ByteBuffer::arrayOffset (35 bytes)
Event: 17.541 Thread 0x0000000016dbd000 nmethod 4620 0x000000000346d610 code [0x000000000346d7a0, 0x000000000346da38]
Event: 17.541 Thread 0x0000000016dbd000 4621  s    2       java.io.BufferedOutputStream::flush (12 bytes)
Event: 17.541 Thread 0x0000000016dbd000 nmethod 4621 0x000000000346dbd0 code [0x000000000346dd40, 0x000000000346e078]

GC Heap History (10 events):
Event: 14.266 GC heap before
{Heap before GC invocations=12 (full 2):
 PSYoungGen      total 243200K, used 219648K [0x00000000d5c00000, 0x00000000edb80000, 0x0000000100000000)
  eden space 219648K, 100% used [0x00000000d5c00000,0x00000000e3280000,0x00000000e3280000)
  from space 23552K, 0% used [0x00000000e3280000,0x00000000e3280000,0x00000000e4980000)
  to   space 35328K, 0% used [0x00000000eb900000,0x00000000eb900000,0x00000000edb80000)
 ParOldGen       total 112128K, used 45806K [0x0000000081400000, 0x0000000088180000, 0x00000000d5c00000)
  object space 112128K, 40% used [0x0000000081400000,0x00000000840bbba8,0x0000000088180000)
 Metaspace       used 53908K, capacity 54114K, committed 54400K, reserved 1099776K
  class space    used 4133K, capacity 4189K, committed 4224K, reserved 1048576K
Event: 14.318 GC heap after
Heap after GC invocations=12 (full 2):
 PSYoungGen      total 335360K, used 29856K [0x00000000d5c00000, 0x00000000ed680000, 0x0000000100000000)
  eden space 305152K, 0% used [0x00000000d5c00000,0x00000000d5c00000,0x00000000e8600000)
  from space 30208K, 98% used [0x00000000eb900000,0x00000000ed628000,0x00000000ed680000)
  to   space 38912K, 0% used [0x00000000e8a80000,0x00000000e8a80000,0x00000000eb080000)
 ParOldGen       total 112128K, used 45814K [0x0000000081400000, 0x0000000088180000, 0x00000000d5c00000)
  object space 112128K, 40% used [0x0000000081400000,0x00000000840bdba8,0x0000000088180000)
 Metaspace       used 53908K, capacity 54114K, committed 54400K, reserved 1099776K
  class space    used 4133K, capacity 4189K, committed 4224K, reserved 1048576K
}
Event: 14.619 GC heap before
{Heap before GC invocations=13 (full 2):
 PSYoungGen      total 335360K, used 66303K [0x00000000d5c00000, 0x00000000ed680000, 0x0000000100000000)
  eden space 305152K, 11% used [0x00000000d5c00000,0x00000000d7f97e10,0x00000000e8600000)
  from space 30208K, 98% used [0x00000000eb900000,0x00000000ed628000,0x00000000ed680000)
  to   space 38912K, 0% used [0x00000000e8a80000,0x00000000e8a80000,0x00000000eb080000)
 ParOldGen       total 112128K, used 45814K [0x0000000081400000, 0x0000000088180000, 0x00000000d5c00000)
  object space 112128K, 40% used [0x0000000081400000,0x00000000840bdba8,0x0000000088180000)
 Metaspace       used 56686K, capacity 56866K, committed 57176K, reserved 1101824K
  class space    used 4217K, capacity 4253K, committed 4352K, reserved 1048576K
Event: 14.648 GC heap after
Heap after GC invocations=13 (full 2):
 PSYoungGen      total 348672K, used 4384K [0x00000000d5c00000, 0x00000000f5000000, 0x0000000100000000)
  eden space 309760K, 0% used [0x00000000d5c00000,0x00000000d5c00000,0x00000000e8a80000)
  from space 38912K, 11% used [0x00000000e8a80000,0x00000000e8ec8000,0x00000000eb080000)
  to   space 38400K, 0% used [0x00000000f2a80000,0x00000000f2a80000,0x00000000f5000000)
 ParOldGen       total 112128K, used 75853K [0x0000000081400000, 0x0000000088180000, 0x00000000d5c00000)
  object space 112128K, 67% used [0x0000000081400000,0x0000000085e13558,0x0000000088180000)
 Metaspace       used 56686K, capacity 56866K, committed 57176K, reserved 1101824K
  class space    used 4217K, capacity 4253K, committed 4352K, reserved 1048576K
}
Event: 14.648 GC heap before
{Heap before GC invocations=14 (full 3):
 PSYoungGen      total 348672K, used 4384K [0x00000000d5c00000, 0x00000000f5000000, 0x0000000100000000)
  eden space 309760K, 0% used [0x00000000d5c00000,0x00000000d5c00000,0x00000000e8a80000)
  from space 38912K, 11% used [0x00000000e8a80000,0x00000000e8ec8000,0x00000000eb080000)
  to   space 38400K, 0% used [0x00000000f2a80000,0x00000000f2a80000,0x00000000f5000000)
 ParOldGen       total 112128K, used 75853K [0x0000000081400000, 0x0000000088180000, 0x00000000d5c00000)
  object space 112128K, 67% used [0x0000000081400000,0x0000000085e13558,0x0000000088180000)
 Metaspace       used 56686K, capacity 56866K, committed 57176K, reserved 1101824K
  class space    used 4217K, capacity 4253K, committed 4352K, reserved 1048576K
Event: 14.943 GC heap after
Heap after GC invocations=14 (full 3):
 PSYoungGen      total 348672K, used 0K [0x00000000d5c00000, 0x00000000f5000000, 0x0000000100000000)
  eden space 309760K, 0% used [0x00000000d5c00000,0x00000000d5c00000,0x00000000e8a80000)
  from space 38912K, 0% used [0x00000000e8a80000,0x00000000e8a80000,0x00000000eb080000)
  to   space 38400K, 0% used [0x00000000f2a80000,0x00000000f2a80000,0x00000000f5000000)
 ParOldGen       total 165888K, used 77081K [0x0000000081400000, 0x000000008b600000, 0x00000000d5c00000)
  object space 165888K, 46% used [0x0000000081400000,0x0000000085f467f0,0x000000008b600000)
 Metaspace       used 56686K, capacity 56866K, committed 57176K, reserved 1101824K
  class space    used 4217K, capacity 4253K, committed 4352K, reserved 1048576K
}
Event: 15.954 GC heap before
{Heap before GC invocations=15 (full 3):
 PSYoungGen      total 348672K, used 309760K [0x00000000d5c00000, 0x00000000f5000000, 0x0000000100000000)
  eden space 309760K, 100% used [0x00000000d5c00000,0x00000000e8a80000,0x00000000e8a80000)
  from space 38912K, 0% used [0x00000000e8a80000,0x00000000e8a80000,0x00000000eb080000)
  to   space 38400K, 0% used [0x00000000f2a80000,0x00000000f2a80000,0x00000000f5000000)
 ParOldGen       total 165888K, used 77081K [0x0000000081400000, 0x000000008b600000, 0x00000000d5c00000)
  object space 165888K, 46% used [0x0000000081400000,0x0000000085f467f0,0x000000008b600000)
 Metaspace       used 62796K, capacity 63010K, committed 63488K, reserved 1107968K
  class space    used 4460K, capacity 4509K, committed 4608K, reserved 1048576K
Event: 16.026 GC heap after
Heap after GC invocations=15 (full 3):
 PSYoungGen      total 433664K, used 24818K [0x00000000d5c00000, 0x00000000f4300000, 0x0000000100000000)
  eden space 408576K, 0% used [0x00000000d5c00000,0x00000000d5c00000,0x00000000eeb00000)
  from space 25088K, 98% used [0x00000000f2a80000,0x00000000f42bc838,0x00000000f4300000)
  to   space 39936K, 0% used [0x00000000ef500000,0x00000000ef500000,0x00000000f1c00000)
 ParOldGen       total 165888K, used 77081K [0x0000000081400000, 0x000000008b600000, 0x00000000d5c00000)
  object space 165888K, 46% used [0x0000000081400000,0x0000000085f467f0,0x000000008b600000)
 Metaspace       used 62796K, capacity 63010K, committed 63488K, reserved 1107968K
  class space    used 4460K, capacity 4509K, committed 4608K, reserved 1048576K
}
Event: 16.549 GC heap before
{Heap before GC invocations=16 (full 3):
 PSYoungGen      total 433664K, used 433394K [0x00000000d5c00000, 0x00000000f4300000, 0x0000000100000000)
  eden space 408576K, 100% used [0x00000000d5c00000,0x00000000eeb00000,0x00000000eeb00000)
  from space 25088K, 98% used [0x00000000f2a80000,0x00000000f42bc838,0x00000000f4300000)
  to   space 39936K, 0% used [0x00000000ef500000,0x00000000ef500000,0x00000000f1c00000)
 ParOldGen       total 165888K, used 77081K [0x0000000081400000, 0x000000008b600000, 0x00000000d5c00000)
  object space 165888K, 46% used [0x0000000081400000,0x0000000085f467f0,0x000000008b600000)
 Metaspace       used 62806K, capacity 63010K, committed 63488K, reserved 1107968K
  class space    used 4460K, capacity 4509K, committed 4608K, reserved 1048576K
Event: 16.636 GC heap after
Heap after GC invocations=16 (full 3):
 PSYoungGen      total 458752K, used 26030K [0x00000000d5c00000, 0x00000000fd100000, 0x0000000100000000)
  eden space 418816K, 0% used [0x00000000d5c00000,0x00000000d5c00000,0x00000000ef500000)
  from space 39936K, 65% used [0x00000000ef500000,0x00000000f0e6bbb8,0x00000000f1c00000)
  to   space 41472K, 0% used [0x00000000fa880000,0x00000000fa880000,0x00000000fd100000)
 ParOldGen       total 165888K, used 101627K [0x0000000081400000, 0x000000008b600000, 0x00000000d5c00000)
  object space 165888K, 61% used [0x0000000081400000,0x000000008773eeb8,0x000000008b600000)
 Metaspace       used 62806K, capacity 63010K, committed 63488K, reserved 1107968K
  class space    used 4460K, capacity 4509K, committed 4608K, reserved 1048576K
}

Deoptimization events (10 events):
Event: 17.526 Thread 0x00000000020f3800 Uncommon trap: reason=unhandled action=none pc=0x0000000002ecf22c method=java.net.URLClassLoader.findClass(Ljava/lang/String;)Ljava/lang/Class; @ 44
Event: 17.527 Thread 0x00000000020f3800 Uncommon trap: reason=bimorphic action=maybe_recompile pc=0x0000000002a50170 method=java.util.Hashtable.addEntry(ILjava/lang/Object;Ljava/lang/Object;I)V @ 38
Event: 17.527 Thread 0x00000000020f3800 Uncommon trap: reason=bimorphic action=maybe_recompile pc=0x0000000002a50170 method=java.util.Hashtable.addEntry(ILjava/lang/Object;Ljava/lang/Object;I)V @ 38
Event: 17.528 Thread 0x00000000020f3800 Uncommon trap: reason=bimorphic action=maybe_recompile pc=0x0000000002a50170 method=java.util.Hashtable.addEntry(ILjava/lang/Object;Ljava/lang/Object;I)V @ 38
Event: 17.528 Thread 0x00000000020f3800 Uncommon trap: reason=unhandled action=none pc=0x0000000002ecf22c method=java.net.URLClassLoader.findClass(Ljava/lang/String;)Ljava/lang/Class; @ 44
Event: 17.529 Thread 0x00000000020f3800 Uncommon trap: reason=unhandled action=none pc=0x0000000002ecf22c method=java.net.URLClassLoader.findClass(Ljava/lang/String;)Ljava/lang/Class; @ 44
Event: 17.532 Thread 0x00000000020f3800 Uncommon trap: reason=unhandled action=none pc=0x0000000002ecf22c method=java.net.URLClassLoader.findClass(Ljava/lang/String;)Ljava/lang/Class; @ 44
Event: 17.532 Thread 0x00000000020f3800 Uncommon trap: reason=unhandled action=none pc=0x0000000002ecf22c method=java.net.URLClassLoader.findClass(Ljava/lang/String;)Ljava/lang/Class; @ 44
Event: 17.535 Thread 0x00000000020f3800 Uncommon trap: reason=unhandled action=none pc=0x0000000002ecf22c method=java.net.URLClassLoader.findClass(Ljava/lang/String;)Ljava/lang/Class; @ 44
Event: 17.536 Thread 0x00000000020f3800 Uncommon trap: reason=unhandled action=none pc=0x0000000002ecf22c method=java.net.URLClassLoader.findClass(Ljava/lang/String;)Ljava/lang/Class; @ 44

Internal exceptions (10 events):
Event: 17.297 Thread 0x00000000020f3800 Exception <a 'java/lang/ArrayIndexOutOfBoundsException': 7> (0x00000000ec197230) thrown at [C:\workspace\8-2-build-windows-amd64-cygwin\jdk8u65\4987\hotspot\src\share\vm\interpreter\interpreterRuntime.cpp, line 366]
Event: 17.297 Thread 0x00000000020f3800 Exception <a 'java/lang/ArrayIndexOutOfBoundsException': 7> (0x00000000ec1986b0) thrown at [C:\workspace\8-2-build-windows-amd64-cygwin\jdk8u65\4987\hotspot\src\share\vm\interpreter\interpreterRuntime.cpp, line 366]
Event: 17.297 Thread 0x00000000020f3800 Exception <a 'java/lang/ArrayIndexOutOfBoundsException': 25> (0x00000000ec1999a8) thrown at [C:\workspace\8-2-build-windows-amd64-cygwin\jdk8u65\4987\hotspot\src\share\vm\interpreter\interpreterRuntime.cpp, line 366]
Event: 17.297 Thread 0x00000000020f3800 Exception <a 'java/lang/ArrayIndexOutOfBoundsException': 8> (0x00000000ec19ad90) thrown at [C:\workspace\8-2-build-windows-amd64-cygwin\jdk8u65\4987\hotspot\src\share\vm\interpreter\interpreterRuntime.cpp, line 366]
Event: 17.299 Thread 0x00000000020f3800 Exception <a 'java/lang/ClassNotFoundException': com/wmsl/dao/impl/CoreDaoCustomizer> (0x00000000ec1a8e60) thrown at [C:\workspace\8-2-build-windows-amd64-cygwin\jdk8u65\4987\hotspot\src\share\vm\classfile\systemDictionary.cpp, line 210]
Event: 17.299 Thread 0x00000000020f3800 Exception <a 'java/lang/ArrayIndexOutOfBoundsException': 91> (0x00000000ec1abaa0) thrown at [C:\workspace\8-2-build-windows-amd64-cygwin\jdk8u65\4987\hotspot\src\share\vm\interpreter\interpreterRuntime.cpp, line 366]
Event: 17.299 Thread 0x00000000020f3800 Exception <a 'java/lang/ArrayIndexOutOfBoundsException': 86> (0x00000000ec1b0c50) thrown at [C:\workspace\8-2-build-windows-amd64-cygwin\jdk8u65\4987\hotspot\src\share\vm\interpreter\interpreterRuntime.cpp, line 366]
Event: 17.302 Thread 0x00000000020f3800 Exception <a 'java/lang/ClassNotFoundException': com/wmsl/inter/core/MarginCoreBeanInfo> (0x00000000ec1c9cc0) thrown at [C:\workspace\8-2-build-windows-amd64-cygwin\jdk8u65\4987\hotspot\src\share\vm\classfile\systemDictionary.cpp, line 210]
Event: 17.303 Thread 0x00000000020f3800 Exception <a 'java/lang/ClassNotFoundException': com/wmsl/inter/core/MarginCoreCustomizer> (0x00000000ec1d5610) thrown at [C:\workspace\8-2-build-windows-amd64-cygwin\jdk8u65\4987\hotspot\src\share\vm\classfile\systemDictionary.cpp, line 210]
Event: 17.303 Thread 0x00000000020f3800 Exception <a 'java/lang/ArrayIndexOutOfBoundsException': 73> (0x00000000ec1d81a8) thrown at [C:\workspace\8-2-build-windows-amd64-cygwin\jdk8u65\4987\hotspot\src\share\vm\interpreter\interpreterRuntime.cpp, line 366]

Events (10 events):
Event: 17.536 loading class org/hibernate/hql/ast/util/NodeTraverser done
Event: 17.536 Thread 0x00000000020f3800 Uncommon trap: trap_request=0xffffffa7 fr.pc=0x0000000002ecf22c
Event: 17.536 Thread 0x00000000020f3800 DEOPT PACKING pc=0x0000000002ecf22c sp=0x00000000020edc40
Event: 17.536 Thread 0x00000000020f3800 DEOPT UNPACKING pc=0x000000000223582a sp=0x00000000020edb38 mode 2
Event: 17.537 loading class java/lang/Throwable$WrappedPrintStream
Event: 17.537 loading class java/lang/Throwable$PrintStreamOrWriter
Event: 17.537 loading class java/lang/Throwable$PrintStreamOrWriter done
Event: 17.537 loading class java/lang/Throwable$WrappedPrintStream done
Event: 17.539 loading class java/util/IdentityHashMap$KeySet
Event: 17.540 loading class java/util/IdentityHashMap$KeySet done


Dynamic libraries:
0x00007ff63c490000 - 0x00007ff63c4c7000 	C:\Program Files\Java\jdk1.8.0_65\bin\javaw.exe
0x00007ffde9de0000 - 0x00007ffde9fa1000 	C:\Windows\SYSTEM32\ntdll.dll
0x00007ffde90c0000 - 0x00007ffde916d000 	C:\Windows\system32\KERNEL32.DLL
0x00007ffde6820000 - 0x00007ffde6a08000 	C:\Windows\system32\KERNELBASE.dll
0x0000000071ae0000 - 0x0000000071b69000 	C:\Windows\System32\SYSFER.DLL
0x00007ffde9d30000 - 0x00007ffde9dd7000 	C:\Windows\system32\ADVAPI32.dll
0x00007ffde91e0000 - 0x00007ffde927d000 	C:\Windows\system32\msvcrt.dll
0x00007ffde7720000 - 0x00007ffde777b000 	C:\Windows\system32\sechost.dll
0x00007ffde7200000 - 0x00007ffde731c000 	C:\Windows\system32\RPCRT4.dll
0x00007ffde7320000 - 0x00007ffde7476000 	C:\Windows\system32\USER32.dll
0x00007ffde74c0000 - 0x00007ffde7646000 	C:\Windows\system32\GDI32.dll
0x00007ffdd48e0000 - 0x00007ffdd4b54000 	C:\Windows\WinSxS\amd64_microsoft.windows.common-controls_6595b64144ccf1df_6.0.10586.0_none_8c15ae12515e1c22\COMCTL32.dll
0x00007ffde9420000 - 0x00007ffde969d000 	C:\Windows\system32\combase.dll
0x00007ffde6490000 - 0x00007ffde64fa000 	C:\Windows\system32\bcryptPrimitives.dll
0x00007ffde7480000 - 0x00007ffde74bb000 	C:\Windows\system32\IMM32.DLL
0x0000000070270000 - 0x0000000070342000 	C:\Program Files\Java\jdk1.8.0_65\jre\bin\msvcr100.dll
0x000000006f9e0000 - 0x0000000070269000 	C:\Program Files\Java\jdk1.8.0_65\jre\bin\server\jvm.dll
0x00007ffde91d0000 - 0x00007ffde91d8000 	C:\Windows\system32\PSAPI.DLL
0x00007ffde2a40000 - 0x00007ffde2a49000 	C:\Windows\SYSTEM32\WSOCK32.dll
0x00007ffde9350000 - 0x00007ffde93bb000 	C:\Windows\system32\WS2_32.dll
0x00007ffde4b40000 - 0x00007ffde4b63000 	C:\Windows\SYSTEM32\WINMM.dll
0x00007ffdd9e30000 - 0x00007ffdd9e3a000 	C:\Windows\SYSTEM32\VERSION.dll
0x00007ffde46f0000 - 0x00007ffde471c000 	C:\Windows\SYSTEM32\WINMMBASE.dll
0x00007ffde70e0000 - 0x00007ffde7123000 	C:\Windows\system32\cfgmgr32.dll
0x0000000070730000 - 0x000000007073f000 	C:\Program Files\Java\jdk1.8.0_65\jre\bin\verify.dll
0x000000006f9b0000 - 0x000000006f9d9000 	C:\Program Files\Java\jdk1.8.0_65\jre\bin\java.dll
0x000000006f970000 - 0x000000006f9a5000 	C:\Program Files\Java\jdk1.8.0_65\jre\bin\jdwp.dll
0x000000006f960000 - 0x000000006f968000 	C:\Program Files\Java\jdk1.8.0_65\jre\bin\npt.dll
0x000000006f940000 - 0x000000006f956000 	C:\Program Files\Java\jdk1.8.0_65\jre\bin\zip.dll
0x00007ffde7950000 - 0x00007ffde8eac000 	C:\Windows\system32\SHELL32.dll
0x00007ffde6a10000 - 0x00007ffde7055000 	C:\Windows\system32\windows.storage.dll
0x00007ffde92f0000 - 0x00007ffde9342000 	C:\Windows\system32\shlwapi.dll
0x00007ffde6420000 - 0x00007ffde642f000 	C:\Windows\system32\kernel.appcore.dll
0x00007ffde6500000 - 0x00007ffde65b5000 	C:\Windows\system32\shcore.dll
0x00007ffde6440000 - 0x00007ffde648b000 	C:\Windows\system32\powrprof.dll
0x00007ffde6400000 - 0x00007ffde6414000 	C:\Windows\system32\profapi.dll
0x000000006f930000 - 0x000000006f939000 	C:\Program Files\Java\jdk1.8.0_65\jre\bin\dt_socket.dll
0x00007ffdd7b30000 - 0x00007ffdd7b46000 	C:\Windows\system32\napinsp.dll
0x00007ffdd7470000 - 0x00007ffdd748a000 	C:\Windows\system32\pnrpnsp.dll
0x00007ffde4270000 - 0x00007ffde4288000 	C:\Windows\system32\NLAapi.dll
0x00007ffde5cd0000 - 0x00007ffde5d2c000 	C:\Windows\System32\mswsock.dll
0x00007ffde4db0000 - 0x00007ffde4e5a000 	C:\Windows\SYSTEM32\DNSAPI.dll
0x00007ffde71f0000 - 0x00007ffde71f8000 	C:\Windows\system32\NSI.dll
0x00007ffdd7fc0000 - 0x00007ffdd7fcd000 	C:\Windows\System32\winrnr.dll
0x00007ffde2a80000 - 0x00007ffde2ae7000 	C:\Windows\System32\fwpuclnt.dll
0x00007ffde6290000 - 0x00007ffde62b9000 	C:\Windows\SYSTEM32\bcrypt.dll
0x00007ffde1110000 - 0x00007ffde111a000 	C:\Windows\System32\rasadhlp.dll
0x000000006f910000 - 0x000000006f92a000 	C:\Program Files\Java\jdk1.8.0_65\jre\bin\net.dll
0x00007ffde2c50000 - 0x00007ffde2c88000 	C:\Windows\SYSTEM32\IPHLPAPI.DLL
0x000000006f8f0000 - 0x000000006f901000 	C:\Program Files\Java\jdk1.8.0_65\jre\bin\nio.dll
0x00007ffde5d80000 - 0x00007ffde5d97000 	C:\Windows\SYSTEM32\CRYPTSP.dll
0x00007ffde5a10000 - 0x00007ffde5a44000 	C:\Windows\system32\rsaenh.dll
0x00007ffde5b60000 - 0x00007ffde5b7f000 	C:\Windows\SYSTEM32\USERENV.dll
0x00007ffde5ea0000 - 0x00007ffde5eab000 	C:\Windows\SYSTEM32\CRYPTBASE.dll
0x00007ffde2c30000 - 0x00007ffde2c46000 	C:\Windows\SYSTEM32\dhcpcsvc6.DLL
0x00007ffde2c10000 - 0x00007ffde2c2a000 	C:\Windows\SYSTEM32\dhcpcsvc.DLL

VM Arguments:
jvm_args: -agentlib:jdwp=transport=dt_socket,suspend=y,address=localhost:54864 -Dfile.encoding=UTF-8 
java_command: com.wmsl.App
java_class_path (initial): D:\project\GenDatas\GenDataDB\target\classes;C:\Users\admin\.m2\repository\net\kemitix\sqlite-dialect\0.1.0\sqlite-dialect-0.1.0.jar;C:\Users\admin\.m2\repository\org\hibernate\hibernate-core\3.6.8.Final\hibernate-core-3.6.8.Final.jar;C:\Users\admin\.m2\repository\org\hibernate\javax\persistence\hibernate-jpa-2.0-api\1.0.1.Final\hibernate-jpa-2.0-api-1.0.1.Final.jar;C:\Users\admin\.m2\repository\org\hibernate\hibernate-commons-annotations\3.2.0.Final\hibernate-commons-annotations-3.2.0.Final.jar;C:\Users\admin\.m2\repository\com\wealth\bwm\bwm-persistence\0.0.1-SNAPSHOT\bwm-persistence-0.0.1-SNAPSHOT.jar;C:\Users\admin\.m2\repository\com\wealth\bwm\bwm-providedservices-api\0.0.1-SNAPSHOT\bwm-providedservices-api-0.0.1-SNAPSHOT.jar;C:\Users\admin\.m2\repository\com\wealth\wmsl-dao-lib\1.0.2\wmsl-dao-lib-1.0.2.jar;C:\Users\admin\.m2\repository\commons-lang\commons-lang\2.4\commons-lang-2.4.jar;C:\Users\admin\.m2\repository\com\wealth\wmsl-common-lib\1.0.2\wmsl-common-lib-1.0.2.jar;C:\Users\admin\.m2\repository\javax\servlet\servlet-api\2.5\servlet-api-2.5.jar;C:\Users\admin\.m2\repository\org\springframework\spring-web\3.2.12.RELEASE\spring-web-3.2.12.RELEASE.jar;C:\Users\admin\.m2\repository\org\springframework\spring-test\3.2.12.RELEASE\spring-test-3.2.12.RELEASE.jar;C:\Users\admin\.m2\repository\org\apache\httpcomponents\httpclient\4.3.1\httpclient-4.3.1.jar;C:\Users\admin\.m2\repository\org\apache\httpcomponents\httpcore\4.3\httpcore-4.3.jar;C:\Users\admin\.m2\repository\commons-codec\commons-codec\1.6\commons-codec-1.6.jar;C:\Users\admin\.m2\repository\org\apache\httpcomponents\httpmime\4.3.1\httpmime-4.3.1.jar;C:\Users\admin\.m2\repository\org\easymock\easymock\3.0\easymock-3.0.jar;C:\Users\admin\.m2\repository\org\objenesis\objenesis\1.2\objenesis-1.2.jar;C:\Users\admin\.m2\repository\org\bouncycastle\bcprov-jdk16\1.46\bcprov-jdk16-1.46.jar;C:\Users\admin\.m2\repository\javax\mail\javax.mail-api\1.5.2\javax.mail-api-1.5.2.jar;C:\Use
Launcher Type: SUN_STANDARD

Environment Variables:
JAVA_HOME=C:\Program Files\Java\jdk1.8.0_65
CLASSPATH=.;D:\project\GenDatas\GenDataDB\target\GenDataDB-jar-with-dependencies.jar
PATH=C:\Program Files\Java\jdk1.8.0_65\jre\bin;C:/Program Files/Java/jre1.8.0_71/bin/server;C:/Program Files/Java/jre1.8.0_71/bin;C:/Program Files/Java/jre1.8.0_71/lib/amd64;C:\Program Files (x86)\HP\NV\lib\shunra\vcat;C:\ProgramData\Oracle\Java\javapath;C:\Windows\system32;C:\Windows;C:\Windows\System32\Wbem;C:\Windows\System32\WindowsPowerShell\v1.0\;C:\PROGRA~2\BONANZ~1;C:\Program Files (x86)\HP\LoadRunner\strawberry-perl\perl\bin;C:\Program Files (x86)\HP\NV\lib\thirdparty\safenet\LDK\7.0;C:\Program Files (x86)\HP\NV\lib\shunra\snv;"C:\Program Files\Java\jdk1.8.0_65\bin";C:\Users\admin\AppData\Local\Programs\EmEditor;D:\Program\eclipse;
USERNAME=admin
OS=Windows_NT
PROCESSOR_IDENTIFIER=Intel64 Family 6 Model 60 Stepping 3, GenuineIntel



---------------  S Y S T E M  ---------------

OS: Windows 10.0 , 64 bit Build 10586 (10.0.10586.0)

CPU:total 4 (4 cores per cpu, 1 threads per core) family 6 model 60 stepping 3, cmov, cx8, fxsr, mmx, sse, sse2, sse3, ssse3, sse4.1, sse4.2, popcnt, avx, avx2, aes, clmul, erms, lzcnt, tsc, tscinvbit, bmi1, bmi2

Memory: 4k page, physical 8303556k(510752k free), swap 11447052k(6244k free)

vm_info: Java HotSpot(TM) 64-Bit Server VM (25.65-b01) for windows-amd64 JRE (1.8.0_65-b17), built on Oct  6 2015 16:39:20 by "java_re" with MS VC++ 10.0 (VS2010)

time: Tue Mar 15 14:30:08 2016
elapsed time: 17 seconds (0d 0h 0m 17s)

